--------------------------------------------------------------------------------
Release 14.7 Trace  (nt64)
Copyright (c) 1995-2013 Xilinx, Inc.  All rights reserved.

C:\Xilinx\14.7\ISE_DS\ISE\bin\nt64\unwrapped\trce.exe -intstyle ise -v 3 -s 5
-n 3 -fastpaths -xml Control_unit.twx Control_unit.ncd -o Control_unit.twr
Control_unit.pcf

Design file:              Control_unit.ncd
Physical constraint file: Control_unit.pcf
Device,package,speed:     xc3s50,pq208,-5 (PRODUCTION 1.39 2013-10-13)
Report level:             verbose report

Environment Variable      Effect 
--------------------      ------ 
NONE                      No environment variables were set
--------------------------------------------------------------------------------

INFO:Timing:2698 - No timing constraints found, doing default enumeration.
INFO:Timing:3412 - To improve timing, see the Timing Closure User Guide (UG612).
INFO:Timing:2752 - To get complete path coverage, use the unconstrained paths 
   option. All paths that are not constrained will be reported in the 
   unconstrained paths section(s) of the report.
INFO:Timing:3339 - The clock-to-out numbers in this timing report are based on 
   a 50 Ohm transmission line loading model.  For the details of this model, 
   and for more information on accounting for different loading conditions, 
   please see the device datasheet.
INFO:Timing:3390 - This architecture does not support a default System Jitter 
   value, please add SYSTEM_JITTER constraint to the UCF to modify the Clock 
   Uncertainty calculation.
INFO:Timing:3389 - This architecture does not support 'Discrete Jitter' and 
   'Phase Error' calculations, these terms will be zero in the Clock 
   Uncertainty calculation.  Please make appropriate modification to 
   SYSTEM_JITTER to account for the unsupported Discrete Jitter and Phase 
   Error.



Data Sheet report:
-----------------
All values displayed in nanoseconds (ns)

Pad to Pad
---------------+---------------+---------+
Source Pad     |Destination Pad|  Delay  |
---------------+---------------+---------+
opcode<0>      |alu_op<0>      |    6.496|
opcode<0>      |branch         |    6.828|
opcode<0>      |cmp_request    |    6.329|
opcode<1>      |alu_op<0>      |    6.732|
opcode<1>      |alu_op<1>      |    6.354|
opcode<1>      |alu_op<3>      |    7.451|
opcode<1>      |alu_src        |    7.130|
opcode<1>      |branch         |    7.130|
opcode<1>      |cmp_request    |    6.638|
opcode<1>      |reg_dst        |    7.051|
opcode<1>      |reg_write      |    7.051|
opcode<2>      |alu_op<0>      |    6.473|
opcode<2>      |alu_op<2>      |    6.852|
opcode<2>      |alu_op<3>      |    7.154|
opcode<2>      |alu_src        |    6.565|
opcode<2>      |branch         |    6.884|
opcode<2>      |cmp_request    |    6.767|
opcode<2>      |reg_dst        |    6.741|
opcode<2>      |reg_write      |    6.473|
opcode<3>      |alu_op<0>      |    6.732|
opcode<3>      |alu_op<1>      |    6.501|
opcode<3>      |alu_op<2>      |    7.088|
opcode<3>      |alu_op<3>      |    7.390|
opcode<3>      |alu_src        |    7.069|
opcode<3>      |branch         |    7.069|
opcode<3>      |cmp_request    |    6.835|
opcode<3>      |reg_dst        |    7.051|
opcode<3>      |reg_write      |    7.051|
---------------+---------------+---------+


Analysis completed Sun Jul 07 14:31:39 2024 
--------------------------------------------------------------------------------

Trace Settings:
-------------------------
Trace Settings 

Peak Memory Usage: 4470 MB



