Running: C:\Xilinx\14.7\ISE_DS\ISE\bin\nt64\unwrapped\fuse.exe -intstyle ise -incremental -o C:/Users/sa/ise/CA_pro/jump/tb_jump_isim_beh.exe -prj C:/Users/sa/ise/CA_pro/jump/tb_jump_beh.prj work.tb_jump 
ISim P.20131013 (signature 0x7708f090)
Number of CPUs detected in this system: 8
Turning on mult-threading, number of parallel sub-compilation jobs: 16 
Determining compilation order of HDL files
Parsing VHDL file "C:/Users/sa/ise/CA_pro/jump/jump.vhd" into library work
Parsing VHDL file "C:/Users/sa/ise/CA_pro/jump/test_jump.vhd" into library work
Starting static elaboration
Completed static elaboration
Compiling package standard
Compiling package std_logic_1164
Compiling package std_logic_arith
Compiling package std_logic_unsigned
Compiling architecture behavioral of entity jump [jump_default]
Compiling architecture behavioral of entity tb_jump
Time Resolution for simulation is 1ps.
Compiled 7 VHDL Units
Built simulation executable C:/Users/sa/ise/CA_pro/jump/tb_jump_isim_beh.exe
Fuse Memory Usage: 34976 KB
Fuse CPU Usage: 562 ms
