Release 14.7 - xst P.20131013 (nt64)
Copyright (c) 1995-2013 Xilinx, Inc.  All rights reserved.
--> Parameter TMPDIR set to xst/projnav.tmp


Total REAL time to Xst completion: 0.00 secs
Total CPU time to Xst completion: 0.15 secs
 
--> Parameter xsthdpdir set to xst


Total REAL time to Xst completion: 0.00 secs
Total CPU time to Xst completion: 0.15 secs
 
--> Reading design: jump.prj

TABLE OF CONTENTS
  1) Synthesis Options Summary
  2) HDL Compilation
  3) Design Hierarchy Analysis
  4) HDL Analysis
  5) HDL Synthesis
     5.1) HDL Synthesis Report
  6) Advanced HDL Synthesis
     6.1) Advanced HDL Synthesis Report
  7) Low Level Synthesis
  8) Partition Report
  9) Final Report
	9.1) Device utilization summary
	9.2) Partition Resource Summary
	9.3) TIMING REPORT


=========================================================================
*                      Synthesis Options Summary                        *
=========================================================================
---- Source Parameters
Input File Name                    : "jump.prj"
Input Format                       : mixed
Ignore Synthesis Constraint File   : NO

---- Target Parameters
Output File Name                   : "jump"
Output Format                      : NGC
Target Device                      : xc3s50-5-pq208

---- Source Options
Top Module Name                    : jump
Automatic FSM Extraction           : YES
FSM Encoding Algorithm             : Auto
Safe Implementation                : No
FSM Style                          : LUT
RAM Extraction                     : Yes
RAM Style                          : Auto
ROM Extraction                     : Yes
Mux Style                          : Auto
Decoder Extraction                 : YES
Priority Encoder Extraction        : Yes
Shift Register Extraction          : YES
Logical Shifter Extraction         : YES
XOR Collapsing                     : YES
ROM Style                          : Auto
Mux Extraction                     : Yes
Resource Sharing                   : YES
Asynchronous To Synchronous        : NO
Multiplier Style                   : Auto
Automatic Register Balancing       : No

---- Target Options
Add IO Buffers                     : YES
Global Maximum Fanout              : 100000
Add Generic Clock Buffer(BUFG)     : 8
Register Duplication               : YES
Slice Packing                      : YES
Optimize Instantiated Primitives   : NO
Use Clock Enable                   : Yes
Use Synchronous Set                : Yes
Use Synchronous Reset              : Yes
Pack IO Registers into IOBs        : Auto
Equivalent register Removal        : YES

---- General Options
Optimization Goal                  : Speed
Optimization Effort                : 1
Keep Hierarchy                     : No
Netlist Hierarchy                  : As_Optimized
RTL Output                         : Yes
Global Optimization                : AllClockNets
Read Cores                         : YES
Write Timing Constraints           : NO
Cross Clock Analysis               : NO
Hierarchy Separator                : /
Bus Delimiter                      : <>
Case Specifier                     : Maintain
Slice Utilization Ratio            : 100
BRAM Utilization Ratio             : 100
Verilog 2001                       : YES
Auto BRAM Packing                  : NO
Slice Utilization Ratio Delta      : 5

=========================================================================


=========================================================================
*                          HDL Compilation                              *
=========================================================================
Compiling vhdl file "C:/Users/sa/ise/CA_pro/jump/jump.vhd" in Library work.
Entity <jump> compiled.
Entity <jump> (Architecture <behavioral>) compiled.

=========================================================================
*                     Design Hierarchy Analysis                         *
=========================================================================
Analyzing hierarchy for entity <jump> in library <work> (architecture <behavioral>).


=========================================================================
*                            HDL Analysis                               *
=========================================================================
Analyzing Entity <jump> in library <work> (Architecture <behavioral>).
Entity <jump> analyzed. Unit <jump> generated.


=========================================================================
*                           HDL Synthesis                               *
=========================================================================

Performing bidirectional port resolution...

Synthesizing Unit <jump>.
    Related source file is "C:/Users/sa/ise/CA_pro/jump/jump.vhd".
WARNING:Xst:647 - Input <instruction<11:8>> is never used. This port will be preserved and left unconnected if it belongs to a top-level block or it belongs to a sub-block and the hierarchy of this sub-block is preserved.
    Found 8-bit register for signal <pc>.
    Found 8-bit adder for signal <pc$share0000> created at line 50.
    Summary:
	inferred   8 D-type flip-flop(s).
	inferred   1 Adder/Subtractor(s).
Unit <jump> synthesized.

INFO:Xst:1767 - HDL ADVISOR - Resource sharing has identified that some arithmetic operations in this design can share the same physical resources for reduced device utilization. For improved clock frequency you may try to disable resource sharing.

=========================================================================
HDL Synthesis Report

Macro Statistics
# Adders/Subtractors                                   : 1
 8-bit adder                                           : 1
# Registers                                            : 1
 8-bit register                                        : 1

=========================================================================

=========================================================================
*                       Advanced HDL Synthesis                          *
=========================================================================


=========================================================================
Advanced HDL Synthesis Report

Macro Statistics
# Adders/Subtractors                                   : 1
 8-bit adder                                           : 1
# Registers                                            : 8
 Flip-Flops                                            : 8

=========================================================================

=========================================================================
*                         Low Level Synthesis                           *
=========================================================================

Optimizing unit <jump> ...

Mapping all equations...
Building and optimizing final netlist ...
Found area constraint ratio of 100 (+ 5) on block jump, actual ratio is 1.

Final Macro Processing ...

=========================================================================
Final Register Report

Macro Statistics
# Registers                                            : 8
 Flip-Flops                                            : 8

=========================================================================

=========================================================================
*                           Partition Report                            *
=========================================================================

Partition Implementation Status
-------------------------------

  No Partitions were found in this design.

-------------------------------

=========================================================================
*                            Final Report                               *
=========================================================================
Final Results
RTL Top Level Output File Name     : jump.ngr
Top Level Output File Name         : jump
Output Format                      : NGC
Optimization Goal                  : Speed
Keep Hierarchy                     : No

Design Statistics
# IOs                              : 28

Cell Usage :
# BELS                             : 35
#      GND                         : 1
#      LUT2                        : 8
#      LUT3                        : 2
#      LUT4                        : 9
#      MUXCY                       : 7
#      XORCY                       : 8
# FlipFlops/Latches                : 8
#      FDC                         : 8
# Clock Buffers                    : 1
#      BUFGP                       : 1
# IO Buffers                       : 23
#      IBUF                        : 15
#      OBUF                        : 8
=========================================================================

Device utilization summary:
---------------------------

Selected Device : 3s50pq208-5 

 Number of Slices:                       10  out of    768     1%  
 Number of Slice Flip Flops:              8  out of   1536     0%  
 Number of 4 input LUTs:                 19  out of   1536     1%  
 Number of IOs:                          28
 Number of bonded IOBs:                  24  out of    124    19%  
 Number of GCLKs:                         1  out of      8    12%  

---------------------------
Partition Resource Summary:
---------------------------

  No Partitions were found in this design.

---------------------------


=========================================================================
TIMING REPORT

NOTE: THESE TIMING NUMBERS ARE ONLY A SYNTHESIS ESTIMATE.
      FOR ACCURATE TIMING INFORMATION PLEASE REFER TO THE TRACE REPORT
      GENERATED AFTER PLACE-and-ROUTE.

Clock Information:
------------------
-----------------------------------+------------------------+-------+
Clock Signal                       | Clock buffer(FF name)  | Load  |
-----------------------------------+------------------------+-------+
clk                                | BUFGP                  | 8     |
-----------------------------------+------------------------+-------+

Asynchronous Control Signals Information:
----------------------------------------
-----------------------------------+------------------------+-------+
Control Signal                     | Buffer(FF name)        | Load  |
-----------------------------------+------------------------+-------+
reset                              | IBUF                   | 8     |
-----------------------------------+------------------------+-------+

Timing Summary:
---------------
Speed Grade: -5

   Minimum period: 4.959ns (Maximum Frequency: 201.662MHz)
   Minimum input arrival time before clock: 5.324ns
   Maximum output required time after clock: 6.306ns
   Maximum combinational path delay: No path found

Timing Detail:
--------------
All values displayed in nanoseconds (ns)

=========================================================================
Timing constraint: Default period analysis for Clock 'clk'
  Clock period: 4.959ns (frequency: 201.662MHz)
  Total number of paths / destination ports: 72 / 8
-------------------------------------------------------------------------
Delay:               4.959ns (Levels of Logic = 10)
  Source:            pc_0 (FF)
  Destination:       pc_7 (FF)
  Source Clock:      clk rising
  Destination Clock: clk rising

  Data Path: pc_0 to pc_7
                                Gate     Net
    Cell:in->out      fanout   Delay   Delay  Logical Name (Net Name)
    ----------------------------------------  ------------
     FDC:C->Q              3   0.626   0.941  pc_0 (pc_0)
     LUT2:I1->O            1   0.479   0.000  Madd_pc_share0000_lut<0> (Madd_pc_share0000_lut<0>)
     MUXCY:S->O            1   0.435   0.000  Madd_pc_share0000_cy<0> (Madd_pc_share0000_cy<0>)
     MUXCY:CI->O           1   0.056   0.000  Madd_pc_share0000_cy<1> (Madd_pc_share0000_cy<1>)
     MUXCY:CI->O           1   0.056   0.000  Madd_pc_share0000_cy<2> (Madd_pc_share0000_cy<2>)
     MUXCY:CI->O           1   0.056   0.000  Madd_pc_share0000_cy<3> (Madd_pc_share0000_cy<3>)
     MUXCY:CI->O           1   0.056   0.000  Madd_pc_share0000_cy<4> (Madd_pc_share0000_cy<4>)
     MUXCY:CI->O           1   0.056   0.000  Madd_pc_share0000_cy<5> (Madd_pc_share0000_cy<5>)
     MUXCY:CI->O           0   0.056   0.000  Madd_pc_share0000_cy<6> (Madd_pc_share0000_cy<6>)
     XORCY:CI->O           1   0.786   0.704  Madd_pc_share0000_xor<7> (pc_share0000<7>)
     LUT4:I3->O            1   0.479   0.000  pc_mux0000<7>1 (pc_mux0000<7>)
     FDC:D                     0.176          pc_7
    ----------------------------------------
    Total                      4.959ns (3.314ns logic, 1.645ns route)
                                       (66.8% logic, 33.2% route)

=========================================================================
Timing constraint: Default OFFSET IN BEFORE for Clock 'clk'
  Total number of paths / destination ports: 132 / 8
-------------------------------------------------------------------------
Offset:              5.324ns (Levels of Logic = 4)
  Source:            zero_flag (PAD)
  Destination:       pc_0 (FF)
  Destination Clock: clk rising

  Data Path: zero_flag to pc_0
                                Gate     Net
    Cell:in->out      fanout   Delay   Delay  Logical Name (Net Name)
    ----------------------------------------  ------------
     IBUF:I->O             1   0.715   0.976  zero_flag_IBUF (zero_flag_IBUF)
     LUT4:I0->O            2   0.479   0.804  pc_mux0000<0>2_SW0 (N01)
     LUT3:I2->O            8   0.479   1.216  pc_mux0000<0>3 (N2)
     LUT4:I0->O            1   0.479   0.000  pc_mux0000<0>1 (pc_mux0000<0>)
     FDC:D                     0.176          pc_0
    ----------------------------------------
    Total                      5.324ns (2.328ns logic, 2.996ns route)
                                       (43.7% logic, 56.3% route)

=========================================================================
Timing constraint: Default OFFSET OUT AFTER for Clock 'clk'
  Total number of paths / destination ports: 8 / 8
-------------------------------------------------------------------------
Offset:              6.306ns (Levels of Logic = 1)
  Source:            pc_7 (FF)
  Destination:       pc<7> (PAD)
  Source Clock:      clk rising

  Data Path: pc_7 to pc<7>
                                Gate     Net
    Cell:in->out      fanout   Delay   Delay  Logical Name (Net Name)
    ----------------------------------------  ------------
     FDC:C->Q              3   0.626   0.771  pc_7 (pc_7)
     OBUF:I->O                 4.909          pc_7_OBUF (pc<7>)
    ----------------------------------------
    Total                      6.306ns (5.535ns logic, 0.771ns route)
                                       (87.8% logic, 12.2% route)

=========================================================================


Total REAL time to Xst completion: 4.00 secs
Total CPU time to Xst completion: 4.47 secs
 
--> 

Total memory usage is 4498008 kilobytes

Number of errors   :    0 (   0 filtered)
Number of warnings :    1 (   0 filtered)
Number of infos    :    1 (   0 filtered)

