Release 14.7 - xst P.20131013 (nt64)
Copyright (c) 1995-2013 Xilinx, Inc.  All rights reserved.
--> Parameter TMPDIR set to xst/projnav.tmp


Total REAL time to Xst completion: 0.00 secs
Total CPU time to Xst completion: 0.14 secs
 
--> Parameter xsthdpdir set to xst


Total REAL time to Xst completion: 0.00 secs
Total CPU time to Xst completion: 0.14 secs
 
--> Reading design: ALU.prj

TABLE OF CONTENTS
  1) Synthesis Options Summary
  2) HDL Compilation
  3) Design Hierarchy Analysis
  4) HDL Analysis
  5) HDL Synthesis
     5.1) HDL Synthesis Report
  6) Advanced HDL Synthesis
     6.1) Advanced HDL Synthesis Report
  7) Low Level Synthesis
  8) Partition Report
  9) Final Report
	9.1) Device utilization summary
	9.2) Partition Resource Summary
	9.3) TIMING REPORT


=========================================================================
*                      Synthesis Options Summary                        *
=========================================================================
---- Source Parameters
Input File Name                    : "ALU.prj"
Input Format                       : mixed
Ignore Synthesis Constraint File   : NO

---- Target Parameters
Output File Name                   : "ALU"
Output Format                      : NGC
Target Device                      : xc3s50-5-pq208

---- Source Options
Top Module Name                    : ALU
Automatic FSM Extraction           : YES
FSM Encoding Algorithm             : Auto
Safe Implementation                : No
FSM Style                          : LUT
RAM Extraction                     : Yes
RAM Style                          : Auto
ROM Extraction                     : Yes
Mux Style                          : Auto
Decoder Extraction                 : YES
Priority Encoder Extraction        : Yes
Shift Register Extraction          : YES
Logical Shifter Extraction         : YES
XOR Collapsing                     : YES
ROM Style                          : Auto
Mux Extraction                     : Yes
Resource Sharing                   : YES
Asynchronous To Synchronous        : NO
Multiplier Style                   : Auto
Automatic Register Balancing       : No

---- Target Options
Add IO Buffers                     : YES
Global Maximum Fanout              : 100000
Add Generic Clock Buffer(BUFG)     : 8
Register Duplication               : YES
Slice Packing                      : YES
Optimize Instantiated Primitives   : NO
Use Clock Enable                   : Yes
Use Synchronous Set                : Yes
Use Synchronous Reset              : Yes
Pack IO Registers into IOBs        : Auto
Equivalent register Removal        : YES

---- General Options
Optimization Goal                  : Speed
Optimization Effort                : 1
Keep Hierarchy                     : No
Netlist Hierarchy                  : As_Optimized
RTL Output                         : Yes
Global Optimization                : AllClockNets
Read Cores                         : YES
Write Timing Constraints           : NO
Cross Clock Analysis               : NO
Hierarchy Separator                : /
Bus Delimiter                      : <>
Case Specifier                     : Maintain
Slice Utilization Ratio            : 100
BRAM Utilization Ratio             : 100
Verilog 2001                       : YES
Auto BRAM Packing                  : NO
Slice Utilization Ratio Delta      : 5

=========================================================================


=========================================================================
*                          HDL Compilation                              *
=========================================================================
Compiling vhdl file "C:/Users/sa/ise/CA_pro/pro1/rr.vhd" in Library work.
Entity <alu> compiled.
Entity <alu> (Architecture <behavioral>) compiled.

=========================================================================
*                     Design Hierarchy Analysis                         *
=========================================================================
Analyzing hierarchy for entity <ALU> in library <work> (architecture <behavioral>).


=========================================================================
*                            HDL Analysis                               *
=========================================================================
Analyzing Entity <ALU> in library <work> (Architecture <behavioral>).
WARNING:Xst:819 - "C:/Users/sa/ise/CA_pro/pro1/rr.vhd" line 56: One or more signals are missing in the process sensitivity list. To enable synthesis of FPGA/CPLD hardware, XST will assume that all necessary signals are present in the sensitivity list. Please note that the result of the synthesis may differ from the initial design specification. The missing signals are:
   <shift_result>
Entity <ALU> analyzed. Unit <ALU> generated.


=========================================================================
*                           HDL Synthesis                               *
=========================================================================

Performing bidirectional port resolution...

Synthesizing Unit <ALU>.
    Related source file is "C:/Users/sa/ise/CA_pro/pro1/rr.vhd".
WARNING:Xst:653 - Signal <shift_result> is used but never assigned. This sourceless signal will be automatically connected to value 00000000.
WARNING:Xst:646 - Signal <shift_ctrl> is assigned but never used. This unconnected signal will be trimmed during the optimization process.
    Found 8-bit adder for signal <temp_result$addsub0000> created at line 74.
    Found 8-bit subtractor for signal <temp_result$addsub0001> created at line 75.
    Found 8-bit adder for signal <temp_result$addsub0002> created at line 78.
    Found 8-bit subtractor for signal <temp_result$addsub0003> created at line 79.
    Found 8-bit adder carry in for signal <temp_result$addsub0004> created at line 81.
    Found 8-bit comparator less for signal <temp_result$cmp_lt0000> created at line 66.
    Found 8-bit xor2 for signal <temp_result$xor0000> created at line 80.
    Found 8-bit comparator equal for signal <zero$cmp_eq0000> created at line 61.
    Summary:
	inferred   5 Adder/Subtractor(s).
	inferred   2 Comparator(s).
Unit <ALU> synthesized.


=========================================================================
HDL Synthesis Report

Macro Statistics
# Adders/Subtractors                                   : 5
 8-bit adder                                           : 2
 8-bit adder carry in                                  : 1
 8-bit subtractor                                      : 2
# Comparators                                          : 2
 8-bit comparator equal                                : 1
 8-bit comparator less                                 : 1
# Xors                                                 : 1
 8-bit xor2                                            : 1

=========================================================================

=========================================================================
*                       Advanced HDL Synthesis                          *
=========================================================================


=========================================================================
Advanced HDL Synthesis Report

Macro Statistics
# Adders/Subtractors                                   : 5
 8-bit adder                                           : 2
 8-bit adder carry in                                  : 1
 8-bit subtractor                                      : 2
# Comparators                                          : 2
 8-bit comparator equal                                : 1
 8-bit comparator less                                 : 1
# Xors                                                 : 1
 8-bit xor2                                            : 1

=========================================================================

=========================================================================
*                         Low Level Synthesis                           *
=========================================================================

Optimizing unit <ALU> ...

Mapping all equations...
Building and optimizing final netlist ...
Found area constraint ratio of 100 (+ 5) on block ALU, actual ratio is 9.

Final Macro Processing ...

=========================================================================
Final Register Report

Found no macro
=========================================================================

=========================================================================
*                           Partition Report                            *
=========================================================================

Partition Implementation Status
-------------------------------

  No Partitions were found in this design.

-------------------------------

=========================================================================
*                            Final Report                               *
=========================================================================
Final Results
RTL Top Level Output File Name     : ALU.ngr
Top Level Output File Name         : ALU
Output Format                      : NGC
Optimization Goal                  : Speed
Keep Hierarchy                     : No

Design Statistics
# IOs                              : 37

Cell Usage :
# BELS                             : 209
#      GND                         : 1
#      INV                         : 4
#      LUT1                        : 4
#      LUT2                        : 53
#      LUT3                        : 1
#      LUT4                        : 61
#      MUXCY                       : 43
#      MUXF5                       : 1
#      VCC                         : 1
#      XORCY                       : 40
# IO Buffers                       : 37
#      IBUF                        : 26
#      OBUF                        : 11
=========================================================================

Device utilization summary:
---------------------------

Selected Device : 3s50pq208-5 

 Number of Slices:                       67  out of    768     8%  
 Number of 4 input LUTs:                123  out of   1536     8%  
 Number of IOs:                          37
 Number of bonded IOBs:                  37  out of    124    29%  

---------------------------
Partition Resource Summary:
---------------------------

  No Partitions were found in this design.

---------------------------


=========================================================================
TIMING REPORT

NOTE: THESE TIMING NUMBERS ARE ONLY A SYNTHESIS ESTIMATE.
      FOR ACCURATE TIMING INFORMATION PLEASE REFER TO THE TRACE REPORT
      GENERATED AFTER PLACE-and-ROUTE.

Clock Information:
------------------
No clock signals found in this design

Asynchronous Control Signals Information:
----------------------------------------
No asynchronous control signals found in this design

Timing Summary:
---------------
Speed Grade: -5

   Minimum period: No path found
   Minimum input arrival time before clock: No path found
   Maximum output required time after clock: No path found
   Maximum combinational path delay: 16.714ns

Timing Detail:
--------------
All values displayed in nanoseconds (ns)

=========================================================================
Timing constraint: Default path analysis
  Total number of paths / destination ports: 2176 / 10
-------------------------------------------------------------------------
Delay:               16.714ns (Levels of Logic = 10)
  Source:            alu_ctrl<0> (PAD)
  Destination:       zero (PAD)

  Data Path: alu_ctrl<0> to zero
                                Gate     Net
    Cell:in->out      fanout   Delay   Delay  Logical Name (Net Name)
    ----------------------------------------  ------------
     IBUF:I->O             8   0.715   1.216  alu_ctrl_0_IBUF (alu_ctrl_0_IBUF)
     LUT4:I0->O            8   0.479   1.091  temp_result_cmp_eq00061 (temp_result_cmp_eq0006)
     LUT4:I1->O            1   0.479   0.976  temp_result<6>7 (temp_result<6>7)
     LUT4:I0->O            1   0.479   0.976  temp_result<6>25 (temp_result<6>25)
     LUT2:I0->O            1   0.479   0.704  temp_result<6>81_SW1 (N53)
     LUT4:I3->O            2   0.479   1.040  temp_result<6>81 (result_6_OBUF)
     LUT2:I0->O            1   0.479   0.740  zero33 (zero33)
     LUT4:I2->O            1   0.479   0.000  zero69_F (N59)
     MUXF5:I0->O           1   0.314   0.681  zero69 (zero_OBUF)
     OBUF:I->O                 4.909          zero_OBUF (zero)
    ----------------------------------------
    Total                     16.714ns (9.291ns logic, 7.423ns route)
                                       (55.6% logic, 44.4% route)

=========================================================================


Total REAL time to Xst completion: 5.00 secs
Total CPU time to Xst completion: 5.31 secs
 
--> 

Total memory usage is 4514264 kilobytes

Number of errors   :    0 (   0 filtered)
Number of warnings :    3 (   0 filtered)
Number of infos    :    0 (   0 filtered)

