Running: C:\Xilinx\14.7\ISE_DS\ISE\bin\nt64\unwrapped\fuse.exe -intstyle ise -incremental -o C:/Users/sa/ise/CA_pro/pro1/ALU_tb_isim_beh.exe -prj C:/Users/sa/ise/CA_pro/pro1/ALU_tb_beh.prj work.ALU_tb 
ISim P.20131013 (signature 0x7708f090)
Number of CPUs detected in this system: 8
Turning on mult-threading, number of parallel sub-compilation jobs: 16 
Determining compilation order of HDL files
Parsing VHDL file "C:/Users/sa/ise/CA_pro/pro1/rr.vhd" into library work
Parsing VHDL file "C:/Users/sa/ise/CA_pro/pro1/alu_tst.vhd" into library work
Starting static elaboration
Completed static elaboration
Compiling package standard
Compiling package std_logic_1164
Compiling package numeric_std
Compiling package std_logic_arith
Compiling package std_logic_unsigned
Compiling architecture behavioral of entity ALU [alu_default]
Compiling architecture behavioral of entity alu_tb
Time Resolution for simulation is 1ps.
Compiled 8 VHDL Units
Built simulation executable C:/Users/sa/ise/CA_pro/pro1/ALU_tb_isim_beh.exe
Fuse Memory Usage: 36820 KB
Fuse CPU Usage: 593 ms
